TN:fuzzer
SF:program_9c224f7f2ea29bd9.bpf
FN:1,fn_0
FN:183,fn_182
FN:288,fn_287
FN:420,fn_419
FN:552,fn_551
FN:608,function_607
FN:611,fn_610
FN:640,fn_639
FN:677,fn_676
FN:711,function_710
FN:732,function_731
FN:745,function_744
FN:751,function_750
FN:752,fn_751
FN:854,fn_853
FN:867,fn_866
FN:893,fn_892
FN:991,function_990
FN:1000,fn_999
FN:1029,fn_1028
FN:1116,function_1115
FN:1119,function_1118
FN:1120,function_1119
FN:1123,fn_1122
FN:1164,function_1163
FN:1168,function_1167
FN:1182,function_1181
FN:1203,fn_1202
FN:1291,function_1290
FN:1312,fn_1311
FN:1352,fn_1351
FN:1399,fn_1398
FN:1447,fn_1446
FN:1469,fn_1468
FN:1687,fn_1686
FN:1711,fn_1710
FN:1733,fn_1732
FN:1875,fn_1874
FN:2744,fn_2743
FN:3250,fn_3249
FN:3577,fn_3576
FN:3582,fn_3581
FN:3600,fn_3599
FN:3795,fn_3794
FN:3810,fn_3809
FN:3972,fn_3971
FN:4093,fn_4092
FN:4605,entrypoint
FN:4680,fn_4679
FN:4706,fn_4705
FN:4707,fn_4706
FN:4740,fn_4739
FN:4770,fn_4769
FN:4804,fn_4803
FN:5342,fn_5341
FN:5427,fn_5426
FN:5491,fn_5490
FN:5533,fn_5532
FN:5855,fn_5854
FN:5964,fn_5963
FN:6210,fn_6209
FN:6498,fn_6497
FN:6709,fn_6708
FN:6875,fn_6874
FN:7465,fn_7464
FN:7586,fn_7585
FN:7685,fn_7684
FN:7763,fn_7762
FN:7765,fn_7764
FN:7767,fn_7766
FN:7769,fn_7768
FN:7771,fn_7770
FN:7773,fn_7772
FN:7847,fn_7846
FN:7890,fn_7889
FN:8150,fn_8149
FN:8190,fn_8189
FN:8241,fn_8240
FN:8288,fn_8287
FN:8336,fn_8335
FN:8536,fn_8535
FN:8964,fn_8963
FN:9032,fn_9031
FN:9276,fn_9275
FN:9289,function_9288
FN:9294,function_9293
FN:9300,function_9299
FN:9313,function_9312
FN:9319,function_9318
FN:9320,fn_9319
FN:9370,fn_9369
FN:9413,function_9412
FN:9416,function_9415
FN:9419,function_9418
FN:9420,function_9419
FN:9423,function_9422
FN:9427,function_9426
FN:9441,function_9440
FN:9462,fn_9461
FN:9550,function_9549
FN:9571,fn_9570
FN:9598,fn_9597
FN:9638,fn_9637
FN:9685,fn_9684
FN:9738,fn_9737
FN:9812,fn_9811
FN:9822,fn_9821
FN:9838,fn_9837
FN:9849,fn_9848
FN:9851,fn_9850
FN:9929,fn_9928
FN:10079,fn_10078
FN:10098,fn_10097
FN:10117,fn_10116
FN:10142,fn_10141
FN:10150,fn_10149
FN:10216,fn_10215
FN:10471,fn_10470
FN:10706,fn_10705
FN:10781,fn_10780
FN:10787,fn_10786
FN:10888,fn_10887
FN:11189,fn_11188
FN:11191,fn_11190
FN:11268,fn_11267
FN:11640,function_11639
FN:11646,function_11645
FN:11667,function_11666
FN:11673,function_11672
FN:11676,function_11675
FN:11677,function_11676
FN:11714,fn_11713
FN:11754,fn_11753
FN:11806,fn_11805
FN:11857,fn_11856
FN:12058,fn_12057
FN:12081,fn_12080
FN:12099,fn_12098
FN:12114,fn_12113
FN:12135,fn_12134
FN:12151,fn_12150
FN:12165,fn_12164
FN:12221,fn_12220
FN:12239,fn_12238
FN:12241,fn_12240
FN:12728,fn_12727
FN:12732,fn_12731
FN:12741,fn_12740
FN:13691,fn_13690
FN:13703,fn_13702
FN:13715,fn_13714
FN:13832,fn_13831
FN:13962,fn_13961
FN:14060,fn_14059
FN:14169,fn_14168
FN:14221,fn_14220
FN:14266,fn_14265
FN:14268,fn_14267
FN:14326,fn_14325
FN:14388,fn_14387
FN:14514,fn_14513
FN:14566,function_14565
FN:14713,function_14712
FN:14889,function_14888
FN:14905,fn_14904
FN:14930,function_14929
FN:14933,function_14932
FN:14936,function_14935
FN:14957,function_14956
FN:14978,function_14977
FN:14984,function_14983
FN:14985,fn_14984
FN:14986,fn_14985
FN:15072,fn_15071
FN:15229,function_15228
FN:15235,function_15234
FN:15238,function_15237
FN:15241,function_15240
FN:15242,function_15241
FN:15245,fn_15244
FN:15326,function_15325
FN:15329,function_15328
FN:15334,function_15333
FN:15340,function_15339
FN:15361,function_15360
FN:15362,function_15361
FN:15368,function_15367
FN:15373,fn_15372
FN:15530,fn_15529
FN:15532,fn_15531
FN:15548,fn_15547
FN:15709,fn_15708
FN:15711,fn_15710
FN:15713,fn_15712
FN:15917,fn_15916
FN:15919,fn_15918
FN:15922,fn_15921
FN:15924,fn_15923
FN:15926,fn_15925
FN:15932,fn_15931
FN:15935,function_15934
FN:15939,function_15938
FN:15953,function_15952
FN:15974,fn_15973
FN:16022,fn_16021
FN:16069,fn_16068
FN:16114,fn_16113
FN:16131,fn_16130
FN:16133,fn_16132
FN:16140,function_16139
FN:16145,function_16144
FN:16150,fn_16149
FN:16233,fn_16232
FN:16320,fn_16319
FN:16345,function_16344
FN:16349,function_16348
FN:16379,function_16378
FN:16382,function_16381
FN:16390,function_16389
FN:16398,fn_16397
FN:16400,fn_16399
FN:16506,fn_16505
FN:16520,fn_16519
FN:16538,fn_16537
FN:16545,fn_16544
FN:16564,fn_16563
FN:16592,fn_16591
FN:16624,fn_16623
FN:16744,fn_16743
FN:16875,fn_16874
FN:16908,fn_16907
FN:17009,fn_17008
FN:17051,function_17050
FN:17112,function_17111
FN:17125,function_17124
FN:17128,function_17127
FN:17190,function_17189
FN:17204,fn_17203
FN:17215,fn_17214
FN:17357,fn_17356
FN:17561,fn_17560
FN:17585,fn_17584
FN:17820,fn_17819
FN:17826,fn_17825
FN:17838,fn_17837
FN:17842,fn_17841
FN:17846,fn_17845
FN:17859,fn_17858
FN:17914,fn_17913
FN:17932,fn_17931
FN:17989,fn_17988
FN:18302,fn_18301
FN:18308,function_18307
FN:18469,fn_18468
FN:18561,fn_18560
FN:18563,fn_18562
FN:18591,fn_18590
FN:18593,fn_18592
FN:18621,fn_18620
FN:18623,fn_18622
FN:18651,fn_18650
FN:18840,fn_18839
FN:18842,fn_18841
FN:19110,fn_19109
FN:19208,fn_19207
FN:19327,function_19326
FN:19384,fn_19383
FN:19430,fn_19429
FN:19476,fn_19475
FN:19523,fn_19522
FN:19570,fn_19569
FN:19615,fn_19614
FN:19660,fn_19659
FN:19742,fn_19741
FN:19824,fn_19823
FN:19913,fn_19912
FN:19918,fn_19917
FN:19934,fn_19933
FN:19939,fn_19938
FN:19944,function_19943
FN:19952,function_19951
FN:19956,function_19955
FN:20026,function_20025
FN:20029,function_20028
FN:20035,function_20034
FN:20041,function_20040
FN:20047,function_20046
FN:20060,function_20059
FN:20067,fn_20066
FN:20132,fn_20131
FN:20234,fn_20233
FN:20281,fn_20280
FN:20305,fn_20304
FN:20368,fn_20367
FN:20404,fn_20403
FN:20406,fn_20405
FN:20662,fn_20661
FN:20697,fn_20696
FN:20732,fn_20731
FN:20776,fn_20775
FNDA:0,fn_0
FNDA:0,fn_182
FNDA:0,fn_287
FNDA:0,fn_419
FNDA:0,fn_551
FNDA:0,function_607
FNDA:0,fn_610
FNDA:0,fn_639
FNDA:0,fn_676
FNDA:0,function_710
FNDA:0,function_731
FNDA:0,function_744
FNDA:0,function_750
FNDA:0,fn_751
FNDA:0,fn_853
FNDA:0,fn_866
FNDA:0,fn_892
FNDA:0,function_990
FNDA:0,fn_999
FNDA:0,fn_1028
FNDA:0,function_1115
FNDA:0,function_1118
FNDA:0,function_1119
FNDA:0,fn_1122
FNDA:0,function_1163
FNDA:0,function_1167
FNDA:0,function_1181
FNDA:0,fn_1202
FNDA:0,function_1290
FNDA:0,fn_1311
FNDA:0,fn_1351
FNDA:0,fn_1398
FNDA:0,fn_1446
FNDA:0,fn_1468
FNDA:0,fn_1686
FNDA:0,fn_1710
FNDA:31,fn_1732
FNDA:0,fn_1874
FNDA:0,fn_2743
FNDA:0,fn_3249
FNDA:0,fn_3576
FNDA:0,fn_3581
FNDA:0,fn_3599
FNDA:0,fn_3794
FNDA:0,fn_3809
FNDA:0,fn_3971
FNDA:0,fn_4092
FNDA:31,entrypoint
FNDA:527,fn_4679
FNDA:527,fn_4705
FNDA:31,fn_4706
FNDA:0,fn_4739
FNDA:0,fn_4769
FNDA:0,fn_4803
FNDA:0,fn_5341
FNDA:0,fn_5426
FNDA:0,fn_5490
FNDA:0,fn_5532
FNDA:0,fn_5854
FNDA:0,fn_5963
FNDA:0,fn_6209
FNDA:0,fn_6497
FNDA:0,fn_6708
FNDA:0,fn_6874
FNDA:0,fn_7464
FNDA:0,fn_7585
FNDA:0,fn_7684
FNDA:527,fn_7762
FNDA:527,fn_7764
FNDA:31,fn_7766
FNDA:0,fn_7768
FNDA:0,fn_7770
FNDA:0,fn_7772
FNDA:0,fn_7846
FNDA:0,fn_7889
FNDA:0,fn_8149
FNDA:0,fn_8189
FNDA:0,fn_8240
FNDA:0,fn_8287
FNDA:0,fn_8335
FNDA:0,fn_8535
FNDA:0,fn_8963
FNDA:0,fn_9031
FNDA:0,fn_9275
FNDA:0,function_9288
FNDA:0,function_9293
FNDA:0,function_9299
FNDA:0,function_9312
FNDA:0,function_9318
FNDA:0,fn_9319
FNDA:0,fn_9369
FNDA:0,function_9412
FNDA:0,function_9415
FNDA:0,function_9418
FNDA:0,function_9419
FNDA:0,function_9422
FNDA:0,function_9426
FNDA:0,function_9440
FNDA:0,fn_9461
FNDA:31,function_9549
FNDA:31,fn_9570
FNDA:31,fn_9597
FNDA:0,fn_9637
FNDA:31,fn_9684
FNDA:0,fn_9737
FNDA:0,fn_9811
FNDA:0,fn_9821
FNDA:0,fn_9837
FNDA:0,fn_9848
FNDA:0,fn_9850
FNDA:0,fn_9928
FNDA:0,fn_10078
FNDA:0,fn_10097
FNDA:0,fn_10116
FNDA:31,fn_10141
FNDA:0,fn_10149
FNDA:0,fn_10215
FNDA:31,fn_10470
FNDA:31,fn_10705
FNDA:0,fn_10780
FNDA:0,fn_10786
FNDA:31,fn_10887
FNDA:0,fn_11188
FNDA:31,fn_11190
FNDA:31,fn_11267
FNDA:0,function_11639
FNDA:0,function_11645
FNDA:0,function_11666
FNDA:0,function_11672
FNDA:0,function_11675
FNDA:0,function_11676
FNDA:0,fn_11713
FNDA:0,fn_11753
FNDA:0,fn_11805
FNDA:0,fn_11856
FNDA:0,fn_12057
FNDA:0,fn_12080
FNDA:0,fn_12098
FNDA:0,fn_12113
FNDA:0,fn_12134
FNDA:0,fn_12150
FNDA:0,fn_12164
FNDA:0,fn_12220
FNDA:0,fn_12238
FNDA:31,fn_12240
FNDA:0,fn_12727
FNDA:0,fn_12731
FNDA:0,fn_12740
FNDA:0,fn_13690
FNDA:0,fn_13702
FNDA:0,fn_13714
FNDA:0,fn_13831
FNDA:31,fn_13961
FNDA:0,fn_14059
FNDA:0,fn_14168
FNDA:0,fn_14220
FNDA:0,fn_14265
FNDA:0,fn_14267
FNDA:0,fn_14325
FNDA:0,fn_14387
FNDA:0,fn_14513
FNDA:0,function_14565
FNDA:0,function_14712
FNDA:0,function_14888
FNDA:0,fn_14904
FNDA:0,function_14929
FNDA:0,function_14932
FNDA:0,function_14935
FNDA:0,function_14956
FNDA:0,function_14977
FNDA:0,function_14983
FNDA:0,fn_14984
FNDA:0,fn_14985
FNDA:0,fn_15071
FNDA:0,function_15228
FNDA:0,function_15234
FNDA:0,function_15237
FNDA:0,function_15240
FNDA:0,function_15241
FNDA:0,fn_15244
FNDA:0,function_15325
FNDA:0,function_15328
FNDA:0,function_15333
FNDA:0,function_15339
FNDA:0,function_15360
FNDA:0,function_15361
FNDA:0,function_15367
FNDA:0,fn_15372
FNDA:0,fn_15529
FNDA:0,fn_15531
FNDA:0,fn_15547
FNDA:0,fn_15708
FNDA:0,fn_15710
FNDA:0,fn_15712
FNDA:0,fn_15916
FNDA:0,fn_15918
FNDA:0,fn_15921
FNDA:0,fn_15923
FNDA:0,fn_15925
FNDA:0,fn_15931
FNDA:0,function_15934
FNDA:0,function_15938
FNDA:217,function_15952
FNDA:31,fn_15973
FNDA:0,fn_16021
FNDA:31,fn_16068
FNDA:0,fn_16113
FNDA:0,fn_16130
FNDA:0,fn_16132
FNDA:0,function_16139
FNDA:0,function_16144
FNDA:31,fn_16149
FNDA:0,fn_16232
FNDA:0,fn_16319
FNDA:0,function_16344
FNDA:0,function_16348
FNDA:0,function_16378
FNDA:0,function_16381
FNDA:0,function_16389
FNDA:0,fn_16397
FNDA:0,fn_16399
FNDA:0,fn_16505
FNDA:0,fn_16519
FNDA:0,fn_16537
FNDA:0,fn_16544
FNDA:0,fn_16563
FNDA:0,fn_16591
FNDA:0,fn_16623
FNDA:0,fn_16743
FNDA:0,fn_16874
FNDA:0,fn_16907
FNDA:0,fn_17008
FNDA:0,function_17050
FNDA:0,function_17111
FNDA:0,function_17124
FNDA:0,function_17127
FNDA:0,function_17189
FNDA:31,fn_17203
FNDA:62,fn_17214
FNDA:31,fn_17356
FNDA:31,fn_17560
FNDA:62,fn_17584
FNDA:0,fn_17819
FNDA:31,fn_17825
FNDA:0,fn_17837
FNDA:0,fn_17841
FNDA:0,fn_17845
FNDA:0,fn_17858
FNDA:0,fn_17913
FNDA:0,fn_17931
FNDA:0,fn_17988
FNDA:62,fn_18301
FNDA:0,function_18307
FNDA:0,fn_18468
FNDA:0,fn_18560
FNDA:0,fn_18562
FNDA:0,fn_18590
FNDA:0,fn_18592
FNDA:0,fn_18620
FNDA:0,fn_18622
FNDA:0,fn_18650
FNDA:0,fn_18839
FNDA:0,fn_18841
FNDA:0,fn_19109
FNDA:0,fn_19207
FNDA:0,function_19326
FNDA:0,fn_19383
FNDA:0,fn_19429
FNDA:0,fn_19475
FNDA:0,fn_19522
FNDA:0,fn_19569
FNDA:0,fn_19614
FNDA:0,fn_19659
FNDA:0,fn_19741
FNDA:31,fn_19823
FNDA:0,fn_19912
FNDA:0,fn_19917
FNDA:31,fn_19933
FNDA:0,fn_19938
FNDA:0,function_19943
FNDA:0,function_19951
FNDA:0,function_19955
FNDA:0,function_20025
FNDA:0,function_20028
FNDA:0,function_20034
FNDA:0,function_20040
FNDA:0,function_20046
FNDA:0,function_20059
FNDA:0,fn_20066
FNDA:0,fn_20131
FNDA:0,fn_20233
FNDA:0,fn_20280
FNDA:0,fn_20304
FNDA:0,fn_20367
FNDA:0,fn_20403
FNDA:0,fn_20405
FNDA:372,fn_20661
FNDA:0,fn_20696
FNDA:31,fn_20731
FNDA:0,fn_20775
FNF:300
FNH:35
DA:1733,31
DA:1734,31
DA:1735,31
DA:1736,31
DA:1737,31
DA:1738,31
DA:1739,31
DA:1741,31
DA:1742,31
DA:1743,31
DA:1744,31
DA:1745,31
DA:1760,31
DA:1761,31
DA:1762,31
DA:1763,31
DA:1764,31
DA:1765,31
DA:1766,31
DA:1767,31
DA:1771,31
DA:1772,31
DA:1773,31
DA:1774,31
DA:1775,31
DA:1776,31
DA:1777,31
DA:1778,31
DA:1779,31
DA:1780,31
DA:4605,31
DA:4606,31
DA:4607,31
DA:4608,31
DA:4609,31
DA:4610,31
DA:4611,31
DA:4612,31
DA:4613,31
DA:4614,31
DA:4615,31
DA:4616,31
DA:4617,31
DA:4618,31
DA:4619,31
DA:4620,31
DA:4621,31
DA:4622,31
DA:4623,31
DA:4624,31
DA:4625,31
DA:4626,31
DA:4627,31
DA:4628,31
DA:4629,31
DA:4630,31
DA:4631,31
DA:4632,31
DA:4633,31
DA:4634,31
DA:4635,31
DA:4636,31
DA:4637,31
DA:4638,31
DA:4639,31
DA:4640,31
DA:4641,31
DA:4642,31
DA:4643,217
DA:4644,217
DA:4645,217
DA:4646,217
DA:4647,217
DA:4648,186
DA:4649,186
DA:4650,186
DA:4651,186
DA:4652,186
DA:4653,186
DA:4654,186
DA:4655,217
DA:4656,217
DA:4657,217
DA:4658,31
DA:4659,31
DA:4660,31
DA:4661,31
DA:4662,31
DA:4663,31
DA:4664,31
DA:4665,217
DA:4666,217
DA:4667,217
DA:4668,217
DA:4669,217
DA:4670,186
DA:4671,186
DA:4672,186
DA:4673,186
DA:4674,186
DA:4675,186
DA:4676,186
DA:4677,186
DA:4678,31
DA:4679,31
DA:4680,527
DA:4682,527
DA:4683,527
DA:4685,527
DA:4686,496
DA:4687,527
DA:4688,527
DA:4689,527
DA:4690,527
DA:4691,527
DA:4692,527
DA:4693,527
DA:4694,527
DA:4695,527
DA:4696,527
DA:4697,527
DA:4698,527
DA:4700,527
DA:4701,527
DA:4703,527
DA:4704,527
DA:4705,527
DA:4706,527
DA:4707,31
DA:4708,31
DA:4709,31
DA:4711,31
DA:4712,31
DA:4714,31
DA:4715,31
DA:4716,31
DA:4717,31
DA:4718,31
DA:4719,31
DA:4720,31
DA:4721,31
DA:4722,31
DA:4723,31
DA:4724,31
DA:4725,31
DA:4726,31
DA:4727,31
DA:4729,31
DA:4730,31
DA:4732,31
DA:4733,31
DA:4735,31
DA:4736,31
DA:4737,31
DA:4738,31
DA:4739,31
DA:7763,527
DA:7764,527
DA:7765,527
DA:7766,527
DA:7767,31
DA:7768,31
DA:9550,31
DA:9551,31
DA:9552,31
DA:9553,31
DA:9554,31
DA:9555,31
DA:9556,31
DA:9557,31
DA:9558,31
DA:9559,31
DA:9560,31
DA:9561,31
DA:9562,31
DA:9563,31
DA:9564,31
DA:9565,31
DA:9566,31
DA:9567,31
DA:9568,31
DA:9569,31
DA:9570,31
DA:9571,31
DA:9572,31
DA:9573,31
DA:9574,31
DA:9575,31
DA:9576,31
DA:9579,31
DA:9580,31
DA:9581,31
DA:9582,31
DA:9583,31
DA:9584,31
DA:9585,31
DA:9586,31
DA:9591,31
DA:9592,31
DA:9593,31
DA:9594,31
DA:9595,31
DA:9596,31
DA:9597,31
DA:9598,31
DA:9599,31
DA:9600,31
DA:9601,31
DA:9602,31
DA:9603,31
DA:9621,31
DA:9622,31
DA:9623,31
DA:9624,31
DA:9625,31
DA:9626,31
DA:9633,31
DA:9634,31
DA:9635,31
DA:9636,31
DA:9637,31
DA:9685,31
DA:9686,31
DA:9687,31
DA:9688,31
DA:9689,31
DA:9690,31
DA:9691,31
DA:9692,31
DA:9693,31
DA:9694,31
DA:9695,31
DA:9696,31
DA:9697,31
DA:9698,31
DA:9700,31
DA:9701,31
DA:9702,31
DA:9703,31
DA:9710,31
DA:9711,31
DA:9712,31
DA:9713,31
DA:9714,31
DA:9715,31
DA:9716,31
DA:9717,31
DA:9718,31
DA:9719,31
DA:9720,31
DA:9721,31
DA:9722,31
DA:9723,31
DA:9733,62
DA:9734,62
DA:9735,62
DA:9736,62
DA:9737,62
DA:10142,31
DA:10143,31
DA:10144,31
DA:10145,31
DA:10146,31
DA:10147,31
DA:10149,31
DA:10471,31
DA:10472,31
DA:10473,31
DA:10474,31
DA:10475,31
DA:10476,31
DA:10477,31
DA:10478,31
DA:10480,31
DA:10481,31
DA:10482,31
DA:10483,31
DA:10484,31
DA:10486,31
DA:10487,31
DA:10488,31
DA:10489,31
DA:10490,31
DA:10491,31
DA:10492,31
DA:10493,31
DA:10494,31
DA:10495,31
DA:10496,31
DA:10497,31
DA:10498,31
DA:10500,31
DA:10501,31
DA:10502,31
DA:10503,31
DA:10504,31
DA:10505,31
DA:10506,31
DA:10507,31
DA:10508,31
DA:10509,31
DA:10510,31
DA:10511,31
DA:10512,31
DA:10513,31
DA:10514,31
DA:10613,31
DA:10614,31
DA:10615,31
DA:10616,31
DA:10617,31
DA:10618,31
DA:10619,31
DA:10620,31
DA:10621,31
DA:10622,31
DA:10706,31
DA:10707,31
DA:10708,31
DA:10709,31
DA:10710,31
DA:10711,31
DA:10712,31
DA:10713,31
DA:10714,31
DA:10715,31
DA:10716,31
DA:10717,31
DA:10718,31
DA:10719,31
DA:10720,31
DA:10721,31
DA:10722,31
DA:10723,31
DA:10724,31
DA:10730,31
DA:10731,31
DA:10732,31
DA:10776,31
DA:10777,31
DA:10778,31
DA:10779,31
DA:10780,31
DA:10888,31
DA:10889,31
DA:10899,31
DA:10916,31
DA:10945,31
DA:10994,31
DA:10995,31
DA:10996,31
DA:10998,31
DA:10999,31
DA:11187,31
DA:11188,31
DA:11191,31
DA:11192,31
DA:11193,31
DA:11194,31
DA:11195,31
DA:11196,31
DA:11197,31
DA:11198,31
DA:11199,31
DA:11200,31
DA:11201,31
DA:11202,31
DA:11203,31
DA:11204,31
DA:11205,31
DA:11206,31
DA:11207,31
DA:11208,31
DA:11209,31
DA:11210,31
DA:11212,31
DA:11213,31
DA:11214,31
DA:11215,31
DA:11216,31
DA:11228,31
DA:11229,31
DA:11230,31
DA:11231,31
DA:11232,31
DA:11233,31
DA:11234,31
DA:11235,31
DA:11236,31
DA:11237,31
DA:11238,31
DA:11239,31
DA:11240,31
DA:11241,31
DA:11242,31
DA:11243,31
DA:11248,31
DA:11249,31
DA:11250,31
DA:11251,31
DA:11252,31
DA:11253,31
DA:11254,31
DA:11255,31
DA:11256,31
DA:11257,31
DA:11258,31
DA:11259,31
DA:11260,31
DA:11261,31
DA:11262,31
DA:11263,31
DA:11264,31
DA:11265,31
DA:11266,31
DA:11267,31
DA:11268,31
DA:11269,31
DA:11280,31
DA:11299,31
DA:11332,31
DA:11389,31
DA:11390,31
DA:11391,31
DA:11392,31
DA:11393,31
DA:11395,31
DA:11627,31
DA:11628,31
DA:11630,31
DA:11631,31
DA:11632,31
DA:11633,31
DA:11634,31
DA:11635,31
DA:11636,31
DA:11637,31
DA:11638,31
DA:11639,31
DA:12241,31
DA:12242,31
DA:12243,31
DA:12250,31
DA:12251,31
DA:12253,31
DA:12255,31
DA:12258,31
DA:12259,31
DA:12260,31
DA:12261,31
DA:12262,31
DA:12263,31
DA:12264,31
DA:12265,31
DA:12266,31
DA:12267,31
DA:12268,31
DA:12269,31
DA:12275,31
DA:12276,31
DA:12277,31
DA:12278,31
DA:12279,31
DA:12280,31
DA:12281,31
DA:12282,31
DA:12283,31
DA:12284,31
DA:12285,31
DA:12286,31
DA:12287,31
DA:12288,31
DA:12289,31
DA:12290,31
DA:12291,31
DA:12292,31
DA:12293,31
DA:12294,31
DA:12295,31
DA:12296,31
DA:12297,31
DA:12298,31
DA:12299,31
DA:12300,31
DA:12301,31
DA:12302,31
DA:12303,31
DA:12304,31
DA:12305,217
DA:12306,217
DA:12307,217
DA:12308,217
DA:12309,31
DA:12310,217
DA:12311,217
DA:12312,217
DA:12313,217
DA:12314,217
DA:12315,217
DA:12316,217
DA:12317,217
DA:12318,217
DA:12319,217
DA:12320,217
DA:12321,217
DA:12322,31
DA:12323,31
DA:12324,31
DA:12325,31
DA:12326,31
DA:12327,31
DA:12328,31
DA:12329,31
DA:12330,31
DA:12332,31
DA:12333,31
DA:12334,31
DA:12335,31
DA:12336,31
DA:12337,31
DA:12338,31
DA:12339,31
DA:12340,31
DA:12341,31
DA:12342,31
DA:12343,31
DA:12344,31
DA:12347,31
DA:12348,31
DA:12349,31
DA:12350,31
DA:12351,31
DA:12352,31
DA:12353,31
DA:12354,31
DA:12355,31
DA:12356,31
DA:12357,31
DA:12359,31
DA:12360,31
DA:12361,31
DA:12362,31
DA:12363,31
DA:12364,31
DA:12365,31
DA:12366,31
DA:12367,31
DA:12368,31
DA:12369,31
DA:12370,31
DA:12383,186
DA:12384,186
DA:12385,186
DA:12386,186
DA:12387,186
DA:12388,186
DA:12389,186
DA:12390,186
DA:12391,186
DA:12392,186
DA:12393,186
DA:12394,186
DA:12395,186
DA:12396,186
DA:12397,186
DA:12398,186
DA:12399,186
DA:12400,186
DA:12401,186
DA:12402,186
DA:12403,186
DA:12404,186
DA:12405,186
DA:12406,186
DA:12407,186
DA:12408,186
DA:12409,186
DA:12410,186
DA:12411,186
DA:12412,186
DA:12413,186
DA:12414,186
DA:12415,186
DA:12416,186
DA:12417,186
DA:12418,186
DA:12419,186
DA:12420,186
DA:12421,186
DA:12422,186
DA:12423,186
DA:12424,186
DA:12425,186
DA:12426,186
DA:12427,186
DA:12428,186
DA:12429,186
DA:12430,186
DA:12431,186
DA:12432,186
DA:12433,186
DA:12434,186
DA:12435,186
DA:12436,186
DA:12437,186
DA:12438,186
DA:12439,186
DA:12440,186
DA:12441,186
DA:12442,186
DA:12443,186
DA:12446,186
DA:12447,186
DA:12448,186
DA:12449,186
DA:12450,186
DA:12451,186
DA:12452,186
DA:12453,186
DA:12454,186
DA:12455,186
DA:12456,186
DA:12457,186
DA:12458,186
DA:12459,186
DA:12460,186
DA:12461,186
DA:12462,186
DA:12463,186
DA:12464,186
DA:12465,186
DA:12466,186
DA:12467,186
DA:12468,186
DA:12469,186
DA:12470,186
DA:12471,186
DA:12472,186
DA:12473,186
DA:12474,186
DA:12475,186
DA:12476,186
DA:12477,186
DA:12478,186
DA:12481,186
DA:12482,186
DA:12483,186
DA:12484,186
DA:12485,186
DA:12486,186
DA:12487,186
DA:12488,186
DA:12489,186
DA:12490,186
DA:12491,186
DA:12492,186
DA:12493,186
DA:12494,186
DA:12495,186
DA:12496,186
DA:12497,186
DA:12498,186
DA:12499,186
DA:12500,186
DA:12501,186
DA:12502,186
DA:12503,186
DA:12504,186
DA:12505,186
DA:12506,186
DA:12507,186
DA:12508,186
DA:12509,186
DA:12510,186
DA:12511,186
DA:12512,186
DA:12513,186
DA:12514,186
DA:12515,186
DA:12516,186
DA:12517,186
DA:12518,186
DA:12519,186
DA:12520,186
DA:12521,186
DA:12522,186
DA:12523,186
DA:12524,186
DA:12525,186
DA:12526,155
DA:12527,186
DA:12528,186
DA:12529,186
DA:12530,186
DA:12531,62
DA:12532,62
DA:12533,186
DA:12534,186
DA:12535,186
DA:12536,186
DA:12537,155
DA:12538,186
DA:12539,186
DA:12540,186
DA:12541,186
DA:12542,186
DA:12543,186
DA:12544,186
DA:12545,186
DA:12546,186
DA:12547,186
DA:12548,186
DA:12557,186
DA:12558,186
DA:12559,186
DA:12560,186
DA:12561,186
DA:12562,186
DA:12563,186
DA:12564,186
DA:12565,186
DA:12566,186
DA:12567,186
DA:12568,186
DA:12569,186
DA:12570,186
DA:12571,186
DA:12572,186
DA:12573,186
DA:12574,186
DA:12575,186
DA:12576,186
DA:12577,31
DA:12578,31
DA:12579,31
DA:12580,31
DA:12581,31
DA:12582,31
DA:12583,31
DA:12584,31
DA:12585,31
DA:12586,31
DA:12587,31
DA:12588,31
DA:12589,31
DA:12590,31
DA:12591,31
DA:12592,31
DA:12593,31
DA:12594,31
DA:12595,31
DA:12596,31
DA:12597,31
DA:12598,31
DA:12599,31
DA:12600,31
DA:12601,31
DA:12602,31
DA:12603,31
DA:12604,31
DA:12605,31
DA:12606,31
DA:12607,31
DA:13962,31
DA:13963,31
DA:13964,31
DA:13965,31
DA:13966,31
DA:14008,31
DA:14010,31
DA:14011,31
DA:14012,31
DA:14013,31
DA:14052,31
DA:14058,31
DA:14059,31
DA:15953,217
DA:15954,217
DA:15955,217
DA:15956,217
DA:15957,217
DA:15958,217
DA:15959,217
DA:15960,31
DA:15961,31
DA:15962,31
DA:15963,31
DA:15964,31
DA:15965,217
DA:15966,217
DA:15967,217
DA:15968,217
DA:15969,217
DA:15970,217
DA:15971,217
DA:15972,217
DA:15973,217
DA:15974,31
DA:15975,31
DA:15976,31
DA:15977,31
DA:15978,31
DA:15979,31
DA:15980,31
DA:15981,31
DA:15982,31
DA:15983,31
DA:15984,31
DA:15985,31
DA:15987,31
DA:15989,31
DA:15990,31
DA:15991,31
DA:15992,31
DA:15993,31
DA:15994,31
DA:15995,31
DA:15996,31
DA:15997,31
DA:15998,31
DA:16001,31
DA:16002,31
DA:16003,31
DA:16004,31
DA:16005,31
DA:16006,31
DA:16007,31
DA:16008,31
DA:16009,31
DA:16010,31
DA:16011,31
DA:16012,31
DA:16069,31
DA:16070,31
DA:16071,31
DA:16072,31
DA:16073,31
DA:16074,31
DA:16075,31
DA:16090,31
DA:16091,31
DA:16092,31
DA:16093,31
DA:16094,31
DA:16095,31
DA:16096,31
DA:16109,31
DA:16110,31
DA:16111,31
DA:16112,31
DA:16113,31
DA:16150,31
DA:16151,31
DA:16152,31
DA:16153,31
DA:16154,31
DA:16155,31
DA:16156,31
DA:16157,31
DA:16158,31
DA:16159,124
DA:16160,124
DA:16161,124
DA:16162,124
DA:16163,124
DA:16164,124
DA:16165,31
DA:16166,31
DA:16167,31
DA:16172,31
DA:16173,31
DA:16174,31
DA:16175,31
DA:16176,31
DA:16177,31
DA:16178,31
DA:16179,31
DA:16180,31
DA:16181,31
DA:16182,31
DA:16183,31
DA:16184,31
DA:16185,31
DA:16194,31
DA:16195,31
DA:16196,31
DA:16197,31
DA:16198,31
DA:16199,31
DA:16200,31
DA:16201,31
DA:16202,31
DA:16203,31
DA:16204,31
DA:16205,31
DA:16206,31
DA:16207,31
DA:16209,31
DA:16210,31
DA:16211,31
DA:16212,31
DA:16213,31
DA:16214,31
DA:16215,31
DA:16216,31
DA:16217,31
DA:17204,31
DA:17205,31
DA:17206,31
DA:17208,31
DA:17209,31
DA:17210,31
DA:17211,31
DA:17212,31
DA:17213,31
DA:17214,31
DA:17215,62
DA:17216,62
DA:17217,62
DA:17219,62
DA:17220,62
DA:17221,62
DA:17222,62
DA:17223,62
DA:17224,62
DA:17225,62
DA:17226,62
DA:17227,62
DA:17228,62
DA:17229,62
DA:17230,31
DA:17231,31
DA:17232,31
DA:17233,31
DA:17234,31
DA:17235,31
DA:17236,31
DA:17237,93
DA:17238,93
DA:17240,93
DA:17241,93
DA:17242,93
DA:17243,93
DA:17244,93
DA:17245,93
DA:17246,93
DA:17247,93
DA:17248,93
DA:17249,93
DA:17250,93
DA:17251,93
DA:17252,93
DA:17253,93
DA:17254,93
DA:17255,93
DA:17256,93
DA:17257,62
DA:17338,62
DA:17339,62
DA:17340,62
DA:17342,62
DA:17343,62
DA:17344,62
DA:17345,62
DA:17346,62
DA:17347,62
DA:17348,62
DA:17349,62
DA:17350,62
DA:17351,62
DA:17352,62
DA:17353,62
DA:17354,62
DA:17356,62
DA:17357,31
DA:17358,31
DA:17359,31
DA:17360,31
DA:17361,31
DA:17362,31
DA:17363,31
DA:17364,31
DA:17365,31
DA:17366,31
DA:17367,31
DA:17376,31
DA:17377,31
DA:17378,31
DA:17379,31
DA:17380,31
DA:17381,31
DA:17383,31
DA:17384,31
DA:17385,31
DA:17386,31
DA:17387,31
DA:17388,31
DA:17389,31
DA:17390,31
DA:17391,31
DA:17392,31
DA:17393,31
DA:17394,31
DA:17395,31
DA:17396,31
DA:17437,31
DA:17438,31
DA:17439,31
DA:17440,31
DA:17441,31
DA:17442,31
DA:17443,31
DA:17444,31
DA:17445,31
DA:17561,31
DA:17562,31
DA:17563,31
DA:17564,31
DA:17565,31
DA:17566,31
DA:17567,31
DA:17568,31
DA:17576,31
DA:17577,31
DA:17578,31
DA:17585,62
DA:17586,62
DA:17587,62
DA:17588,62
DA:17589,62
DA:17606,62
DA:17607,62
DA:17608,62
DA:17609,62
DA:17661,62
DA:17662,62
DA:17663,62
DA:17664,62
DA:17665,62
DA:17826,31
DA:17827,31
DA:17828,31
DA:17829,31
DA:17830,31
DA:17831,31
DA:17832,31
DA:17833,31
DA:17834,31
DA:17835,31
DA:17836,31
DA:17837,31
DA:18302,62
DA:18303,62
DA:18304,62
DA:18305,62
DA:18306,62
DA:18307,62
DA:19824,31
DA:19825,31
DA:19826,31
DA:19859,31
DA:19860,31
DA:19861,31
DA:19862,31
DA:19870,31
DA:19871,31
DA:19872,31
DA:19873,31
DA:19874,31
DA:19875,31
DA:19876,31
DA:19877,31
DA:19878,31
DA:19880,31
DA:19881,31
DA:19882,31
DA:19883,31
DA:19884,31
DA:19885,31
DA:19886,31
DA:19887,31
DA:19888,31
DA:19889,31
DA:19890,31
DA:19892,31
DA:19893,31
DA:19894,31
DA:19895,31
DA:19896,31
DA:19897,31
DA:19898,31
DA:19899,31
DA:19900,31
DA:19901,31
DA:19902,31
DA:19903,31
DA:19904,31
DA:19905,31
DA:19906,31
DA:19907,31
DA:19908,31
DA:19910,31
DA:19911,31
DA:19912,31
DA:19934,31
DA:19935,31
DA:19936,31
DA:19937,31
DA:19938,31
DA:20662,372
DA:20663,372
DA:20664,372
DA:20665,372
DA:20666,372
DA:20667,372
DA:20668,372
DA:20669,341
DA:20670,341
DA:20671,341
DA:20672,279
DA:20673,279
DA:20674,1240
DA:20675,1240
DA:20676,1240
DA:20677,1240
DA:20678,1240
DA:20679,1240
DA:20680,1240
DA:20681,1240
DA:20682,1240
DA:20683,341
DA:20684,558
DA:20685,558
DA:20686,558
DA:20687,558
DA:20688,558
DA:20689,558
DA:20690,558
DA:20691,558
DA:20692,248
DA:20693,31
DA:20694,31
DA:20695,372
DA:20696,372
DA:20732,31
DA:20733,31
DA:20734,31
DA:20735,31
DA:20736,31
DA:20737,31
DA:20738,31
DA:20739,31
DA:20740,31
DA:20741,31
DA:20742,31
DA:20743,31
DA:20744,31
DA:20745,31
DA:20746,31
DA:20747,31
DA:20752,31
DA:20753,31
DA:20754,31
DA:20757,31
DA:20758,31
DA:20759,31
DA:20760,31
DA:20761,31
DA:20762,31
DA:20763,31
DA:20764,31
DA:20765,31
DA:20766,31
DA:20773,31
DA:20774,31
DA:20775,31
LF:19946
LH:1176
BRDA:1745,0,0,31
BRDA:1745,0,1,-
BRDA:1767,1,0,31
BRDA:1767,1,1,-
BRDA:4625,2,0,31
BRDA:4625,2,1,-
BRDA:4638,3,0,31
BRDA:4638,3,1,-
BRDA:4647,4,0,186
BRDA:4647,4,1,31
BRDA:4651,5,0,186
BRDA:4651,5,1,-
BRDA:4657,6,0,31
BRDA:4657,6,1,186
BRDA:4658,7,0,31
BRDA:4658,7,1,-
BRDA:4669,8,0,217
BRDA:4669,8,1,-
BRDA:4673,9,0,186
BRDA:4673,9,1,-
BRDA:4685,10,0,527
BRDA:4685,10,1,-
BRDA:4691,11,0,527
BRDA:4691,11,1,-
BRDA:4694,12,0,527
BRDA:4694,12,1,-
BRDA:4700,13,0,527
BRDA:4700,13,1,-
BRDA:4714,14,0,31
BRDA:4714,14,1,-
BRDA:4720,15,0,31
BRDA:4720,15,1,-
BRDA:4723,16,0,31
BRDA:4723,16,1,-
BRDA:4729,17,0,31
BRDA:4729,17,1,-
BRDA:4733,18,0,31
BRDA:4733,18,1,-
BRDA:9556,19,0,31
BRDA:9556,19,1,-
BRDA:9575,20,0,31
BRDA:9575,20,1,-
BRDA:9576,21,0,31
BRDA:9576,21,1,-
BRDA:9586,22,0,31
BRDA:9586,22,1,-
BRDA:9601,23,0,31
BRDA:9601,23,1,-
BRDA:9603,24,0,31
BRDA:9603,24,1,-
BRDA:9621,25,0,31
BRDA:9621,25,1,-
BRDA:9625,26,0,31
BRDA:9625,26,1,-
BRDA:9689,27,0,31
BRDA:9689,27,1,-
BRDA:9692,28,0,31
BRDA:9692,28,1,-
BRDA:9696,29,0,31
BRDA:9696,29,1,-
BRDA:9698,30,0,31
BRDA:9698,30,1,-
BRDA:9703,31,0,31
BRDA:9703,31,1,-
BRDA:9720,32,0,31
BRDA:9720,32,1,-
BRDA:10145,33,0,31
BRDA:10145,33,1,-
BRDA:10473,34,0,31
BRDA:10473,34,1,-
BRDA:10474,35,0,31
BRDA:10474,35,1,-
BRDA:10513,36,0,31
BRDA:10513,36,1,-
BRDA:10620,37,0,31
BRDA:10620,37,1,-
BRDA:10621,38,0,31
BRDA:10621,38,1,-
BRDA:10707,39,0,31
BRDA:10707,39,1,-
BRDA:10713,40,0,31
BRDA:10713,40,1,-
BRDA:10718,41,0,31
BRDA:10718,41,1,-
BRDA:10724,42,0,31
BRDA:10724,42,1,-
BRDA:10732,43,0,31
BRDA:10732,43,1,-
BRDA:10889,44,0,31
BRDA:10889,44,1,-
BRDA:10899,45,0,31
BRDA:10899,45,1,-
BRDA:10916,46,0,31
BRDA:10916,46,1,-
BRDA:10945,47,0,31
BRDA:10945,47,1,-
BRDA:10994,48,0,31
BRDA:10994,48,1,-
BRDA:10995,49,0,31
BRDA:10995,49,1,-
BRDA:11216,50,0,31
BRDA:11216,50,1,-
BRDA:11243,51,0,31
BRDA:11243,51,1,-
BRDA:11269,52,0,31
BRDA:11269,52,1,-
BRDA:11280,53,0,31
BRDA:11280,53,1,-
BRDA:11299,54,0,31
BRDA:11299,54,1,-
BRDA:11332,55,0,31
BRDA:11332,55,1,-
BRDA:11389,56,0,31
BRDA:11389,56,1,-
BRDA:11390,57,0,31
BRDA:11390,57,1,-
BRDA:12243,58,0,31
BRDA:12243,58,1,-
BRDA:12253,59,0,31
BRDA:12253,59,1,-
BRDA:12255,60,0,31
BRDA:12255,60,1,-
BRDA:12263,61,0,31
BRDA:12263,61,1,-
BRDA:12268,62,0,31
BRDA:12268,62,1,-
BRDA:12308,63,0,217
BRDA:12308,63,1,-
BRDA:12313,64,0,217
BRDA:12313,64,1,-
BRDA:12316,65,0,217
BRDA:12316,65,1,-
BRDA:12321,66,0,217
BRDA:12321,66,1,-
BRDA:12326,67,0,31
BRDA:12326,67,1,-
BRDA:12329,68,0,31
BRDA:12329,68,1,-
BRDA:12330,69,0,31
BRDA:12330,69,1,-
BRDA:12340,70,0,31
BRDA:12340,70,1,-
BRDA:12344,71,0,31
BRDA:12344,71,1,-
BRDA:12353,72,0,31
BRDA:12353,72,1,-
BRDA:12357,73,0,31
BRDA:12357,73,1,-
BRDA:12370,74,0,31
BRDA:12370,74,1,-
BRDA:12386,75,0,186
BRDA:12386,75,1,-
BRDA:12389,76,0,186
BRDA:12389,76,1,-
BRDA:12394,77,0,186
BRDA:12394,77,1,-
BRDA:12397,78,0,186
BRDA:12397,78,1,-
BRDA:12401,79,0,186
BRDA:12401,79,1,-
BRDA:12404,80,0,186
BRDA:12404,80,1,-
BRDA:12408,81,0,186
BRDA:12408,81,1,-
BRDA:12411,82,0,186
BRDA:12411,82,1,-
BRDA:12415,83,0,186
BRDA:12415,83,1,-
BRDA:12418,84,0,186
BRDA:12418,84,1,-
BRDA:12422,85,0,186
BRDA:12422,85,1,-
BRDA:12425,86,0,186
BRDA:12425,86,1,-
BRDA:12443,87,0,186
BRDA:12443,87,1,-
BRDA:12456,88,0,186
BRDA:12456,88,1,-
BRDA:12459,89,0,186
BRDA:12459,89,1,-
BRDA:12463,90,0,186
BRDA:12463,90,1,-
BRDA:12466,91,0,186
BRDA:12466,91,1,-
BRDA:12478,92,0,186
BRDA:12478,92,1,-
BRDA:12495,93,0,186
BRDA:12495,93,1,-
BRDA:12498,94,0,186
BRDA:12498,94,1,-
BRDA:12502,95,0,186
BRDA:12502,95,1,-
BRDA:12505,96,0,186
BRDA:12505,96,1,-
BRDA:12510,97,0,186
BRDA:12510,97,1,-
BRDA:12513,98,0,186
BRDA:12513,98,1,-
BRDA:12517,99,0,186
BRDA:12517,99,1,-
BRDA:12520,100,0,186
BRDA:12520,100,1,-
BRDA:12525,101,0,186
BRDA:12525,101,1,-
BRDA:12530,102,0,186
BRDA:12530,102,1,-
BRDA:12536,103,0,186
BRDA:12536,103,1,-
BRDA:12548,104,0,186
BRDA:12548,104,1,-
BRDA:12581,105,0,31
BRDA:12581,105,1,-
BRDA:12584,106,0,31
BRDA:12584,106,1,-
BRDA:12591,107,0,31
BRDA:12591,107,1,-
BRDA:12594,108,0,31
BRDA:12594,108,1,-
BRDA:13963,109,0,31
BRDA:13963,109,1,-
BRDA:13964,110,0,31
BRDA:13964,110,1,-
BRDA:13965,111,0,31
BRDA:13965,111,1,-
BRDA:13966,112,0,31
BRDA:13966,112,1,-
BRDA:14011,113,0,31
BRDA:14011,113,1,-
BRDA:14052,114,0,31
BRDA:14052,114,1,-
BRDA:15959,115,0,217
BRDA:15959,115,1,-
BRDA:15978,116,0,31
BRDA:15978,116,1,-
BRDA:15981,117,0,31
BRDA:15981,117,1,-
BRDA:15985,118,0,31
BRDA:15985,118,1,-
BRDA:15987,119,0,31
BRDA:15987,119,1,-
BRDA:15992,120,0,31
BRDA:15992,120,1,-
BRDA:16009,121,0,31
BRDA:16009,121,1,-
BRDA:16071,122,0,31
BRDA:16071,122,1,-
BRDA:16073,123,0,31
BRDA:16073,123,1,-
BRDA:16075,124,0,31
BRDA:16075,124,1,-
BRDA:16095,125,0,31
BRDA:16095,125,1,-
BRDA:16153,126,0,31
BRDA:16153,126,1,-
BRDA:16164,127,0,124
BRDA:16164,127,1,-
BRDA:16166,128,0,31
BRDA:16166,128,1,-
BRDA:16167,129,0,31
BRDA:16167,129,1,-
BRDA:16177,130,0,31
BRDA:16177,130,1,-
BRDA:16180,131,0,31
BRDA:16180,131,1,-
BRDA:16184,132,0,31
BRDA:16184,132,1,-
BRDA:16185,133,0,31
BRDA:16185,133,1,-
BRDA:16211,134,0,31
BRDA:16211,134,1,-
BRDA:16217,135,0,31
BRDA:16217,135,1,-
BRDA:17227,136,0,62
BRDA:17227,136,1,-
BRDA:17229,137,0,62
BRDA:17229,137,1,-
BRDA:17238,138,0,93
BRDA:17238,138,1,-
BRDA:17245,139,0,93
BRDA:17245,139,1,-
BRDA:17251,140,0,93
BRDA:17251,140,1,-
BRDA:17256,141,0,93
BRDA:17256,141,1,-
BRDA:17340,142,0,62
BRDA:17340,142,1,-
BRDA:17352,143,0,62
BRDA:17352,143,1,-
BRDA:17360,144,0,31
BRDA:17360,144,1,-
BRDA:17367,145,0,31
BRDA:17367,145,1,-
BRDA:17381,146,0,31
BRDA:17381,146,1,-
BRDA:17385,147,0,31
BRDA:17385,147,1,-
BRDA:17395,148,0,31
BRDA:17395,148,1,-
BRDA:17568,149,0,-
BRDA:17568,149,1,31
BRDA:17577,150,0,31
BRDA:17577,150,1,-
BRDA:17588,151,0,62
BRDA:17588,151,1,-
BRDA:17589,152,0,62
BRDA:17589,152,1,-
BRDA:19826,153,0,31
BRDA:19826,153,1,-
BRDA:19859,154,0,31
BRDA:19859,154,1,-
BRDA:19861,155,0,31
BRDA:19861,155,1,-
BRDA:20668,156,0,372
BRDA:20668,156,1,-
BRDA:20671,157,0,341
BRDA:20671,157,1,-
BRDA:20682,158,0,1240
BRDA:20682,158,1,-
BRDA:20683,159,0,341
BRDA:20683,159,1,-
BRDA:20691,160,0,558
BRDA:20691,160,1,-
BRDA:20737,161,0,31
BRDA:20737,161,1,-
BRDA:20741,162,0,31
BRDA:20741,162,1,-
BRDA:20747,163,0,31
BRDA:20747,163,1,-
BRDA:20753,164,0,31
BRDA:20753,164,1,-
BRDA:20763,165,0,31
BRDA:20763,165,1,-
BRF:4260
BRH:168
end_of_record
